<?xml version="1.0" encoding="UTF-8"?>
<!-- Generated by org.testng.reporters.JUnitReportReporter -->
<testsuite hostname="Lainpuma0292" name="com.test.automation.AmazonAutomation.homePage.TC001_VerifyNavigationToLoginPage" tests="1" failures="0" timestamp="1 Jun 2018 09:17:39 GMT" time="18.537" errors="0">
  <testcase name="verifyNavigationToLoginPage" time="18.537" classname="com.test.automation.AmazonAutomation.homePage.TC001_VerifyNavigationToLoginPage"/>
</testsuite> <!-- com.test.automation.AmazonAutomation.homePage.TC001_VerifyNavigationToLoginPage -->
