<?xml version="1.0" encoding="UTF-8"?>
<!-- Generated by org.testng.reporters.JUnitReportReporter -->
<testsuite hostname="Lainpuma0292" name="com.test.automation.AmazonAutomation.homePage.TC001_VerifyLoginWithInvalidCredentials" tests="1" failures="0" timestamp="11 Apr 2018 13:02:20 GMT" time="21.053" errors="0">
  <testcase name="verifyLoginWithInvalidCredentials" time="21.053" classname="com.test.automation.AmazonAutomation.homePage.TC001_VerifyLoginWithInvalidCredentials"/>
</testsuite> <!-- com.test.automation.AmazonAutomation.homePage.TC001_VerifyLoginWithInvalidCredentials -->
